2024-11-15 18:40:51.662401 INFO::Writing function arguments to log file
2024-11-15 18:40:51.663292 DEBUG::Function arguments
2024-11-15 18:40:51.663623 DEBUG::Output folder: output/genetics_vs_microbes_PD/Maaslin2/rs3775458
2024-11-15 18:40:51.663937 DEBUG::Min Abundance: 0.000000
2024-11-15 18:40:51.664248 DEBUG::Min Prevalence: 0.100000
2024-11-15 18:40:51.664554 DEBUG::Normalization: NONE
2024-11-15 18:40:51.664856 DEBUG::Transform: LOG
2024-11-15 18:40:51.66517 DEBUG::Analysis method: LM
2024-11-15 18:40:51.665476 DEBUG::Max significance: 0.050000
2024-11-15 18:40:51.66578 DEBUG::Random effects:
2024-11-15 18:40:51.666439 DEBUG::Fixed effects: rs3775458,Case_status,Case_status*rs3775458,seqs_scaled,Age_at_collection
2024-11-15 18:40:51.666764 DEBUG::Correction method: BH
2024-11-15 18:40:51.667082 DEBUG::Standardize: FALSE
2024-11-15 18:40:51.667388 DEBUG::Cores: 1
2024-11-15 18:40:51.66768 INFO::Verifying options selected are valid
2024-11-15 18:40:51.668285 INFO::Determining format of input files
2024-11-15 18:40:51.668887 INFO::Input format is data samples as rows and metadata samples as rows
2024-11-15 18:40:51.669693 DEBUG::A total of 696 samples were found in both the data and metadata
2024-11-15 18:40:51.670007 DEBUG::Reordering data/metadata to use same sample ordering
2024-11-15 18:40:51.671801 WARNING::Feature name not found in metadata so not applied to formula as fixed effect: Case_status*rs3775458
2024-11-15 18:40:51.672589 INFO::Formula for fixed effects: expr ~  rs3775458 + Case_status + seqs_scaled + Age_at_collection
2024-11-15 18:40:51.673259 INFO::Factor detected for categorial metadata 'rs3775458'. Provide a reference argument or manually set factor ordering to change reference level.
2024-11-15 18:40:51.674039 INFO::Filter data based on min abundance and min prevalence
2024-11-15 18:40:51.674561 INFO::Total samples in data: 696
2024-11-15 18:40:51.675078 INFO::Min samples required with min abundance for a feature not to be filtered: 69.600000
2024-11-15 18:40:51.67676 INFO::Total filtered features: 27
2024-11-15 18:40:51.677355 INFO::Filtered feature names from abundance and prevalence filtering: s__Actinomyces_turicensis, s__Anaerococcus_octavius, s__Anaerococcus_vaginalis, s__Atopobium_minutum, s__Corynebacterium_amycolatum, s__Corynebacterium_aurimucosum, s__Finegoldia_magna, s__Gemella_asaccharolytica, s__Peptoniphilus_harei, s__Peptoniphilus_lacrimalis, s__Peptoniphilus_sp_HMSC062D09, s__Porphyromonas_asaccharolytica, s__Porphyromonas_sp_HMSC065F10, s__Porphyromonas_uenonis, s__Prevotella_bergensis, s__Prevotella_buccalis, s__Prevotella_disiens, s__Prevotella_timonensis, s__Varibaculum_cambriense, s__Bifidobacterium_gallinarum, s__Bifidobacterium_pullorum, s__Bifidobacterium_saeculare, s__Lactobacillus_gasseri, s__Lactobacillus_paragasseri, s__Lactobacillus_reuteri, s__Actinomyces_sp_oral_taxon_448, s__Streptococcus_lutetiensis
2024-11-15 18:40:51.678941 INFO::Total filtered features with variance filtering: 0
2024-11-15 18:40:51.679503 INFO::Filtered feature names from variance filtering:
2024-11-15 18:40:51.68002 INFO::Running selected normalization method: NONE
2024-11-15 18:40:51.680518 INFO::Bypass z-score application to metadata
2024-11-15 18:40:51.681031 INFO::Running selected transform method: LOG
2024-11-15 18:40:51.683952 INFO::Running selected analysis method: LM
2024-11-15 18:40:51.684598 INFO::Fitting model to feature number 1, s__Bifidobacterium_dentium
2024-11-15 18:40:51.688022 WARNING::Fitting problem for feature 1 returning NA
2024-11-15 18:40:51.688881 INFO::Fitting model to feature number 2, s__Bifidobacterium_bifidum
2024-11-15 18:40:51.69173 WARNING::Fitting problem for feature 2 returning NA
2024-11-15 18:40:51.692526 INFO::Fitting model to feature number 3, s__Bifidobacterium_breve
2024-11-15 18:40:51.695367 WARNING::Fitting problem for feature 3 returning NA
2024-11-15 18:40:51.696176 INFO::Fitting model to feature number 4, s__Bifidobacterium_longum
2024-11-15 18:40:51.700185 WARNING::Fitting problem for feature 4 returning NA
2024-11-15 18:40:51.700945 INFO::Fitting model to feature number 5, s__Lactobacillus_fermentum
2024-11-15 18:40:51.703698 WARNING::Fitting problem for feature 5 returning NA
2024-11-15 18:40:51.704456 INFO::Fitting model to feature number 6, s__Lactobacillus_salivarius
2024-11-15 18:40:51.707239 WARNING::Fitting problem for feature 6 returning NA
2024-11-15 18:40:51.708025 INFO::Fitting model to feature number 7, s__Lactobacillus_rhamnosus
2024-11-15 18:40:51.710876 WARNING::Fitting problem for feature 7 returning NA
2024-11-15 18:40:51.711667 INFO::Fitting model to feature number 8, s__Actinomyces_naeslundii
2024-11-15 18:40:51.714527 WARNING::Fitting problem for feature 8 returning NA
2024-11-15 18:40:51.715309 INFO::Fitting model to feature number 9, s__Actinomyces_oris
2024-11-15 18:40:51.718095 WARNING::Fitting problem for feature 9 returning NA
2024-11-15 18:40:51.718866 INFO::Fitting model to feature number 10, s__Actinomyces_sp_HPA0247
2024-11-15 18:40:51.721679 WARNING::Fitting problem for feature 10 returning NA
2024-11-15 18:40:51.722461 INFO::Fitting model to feature number 11, s__Streptococcus_anginosus_group
2024-11-15 18:40:51.725265 WARNING::Fitting problem for feature 11 returning NA
2024-11-15 18:40:51.726114 INFO::Fitting model to feature number 12, s__Streptococcus_mutans
2024-11-15 18:40:51.72905 WARNING::Fitting problem for feature 12 returning NA
2024-11-15 18:40:51.729849 INFO::Fitting model to feature number 13, s__Streptococcus_vestibularis
2024-11-15 18:40:51.732692 WARNING::Fitting problem for feature 13 returning NA
2024-11-15 18:40:51.733503 INFO::Fitting model to feature number 14, s__Escherichia_coli
2024-11-15 18:40:51.73631 WARNING::Fitting problem for feature 14 returning NA
2024-11-15 18:40:51.737121 INFO::Fitting model to feature number 15, s__Klebsiella_pneumoniae
2024-11-15 18:40:51.739986 WARNING::Fitting problem for feature 15 returning NA
2024-11-15 18:40:51.740798 INFO::Fitting model to feature number 16, s__Klebsiella_quasipneumoniae
2024-11-15 18:40:51.74362 WARNING::Fitting problem for feature 16 returning NA
2024-11-15 18:40:51.744432 INFO::Fitting model to feature number 17, s__Blautia_wexlerae
2024-11-15 18:40:51.747218 WARNING::Fitting problem for feature 17 returning NA
2024-11-15 18:40:51.747978 INFO::Fitting model to feature number 18, s__Blautia_hansenii
2024-11-15 18:40:51.750734 WARNING::Fitting problem for feature 18 returning NA
2024-11-15 18:40:51.751498 INFO::Fitting model to feature number 19, s__Anaerostipes_hadrus
2024-11-15 18:40:51.754252 WARNING::Fitting problem for feature 19 returning NA
2024-11-15 18:40:51.755018 INFO::Fitting model to feature number 20, s__Clostridium_sp_CAG_58
2024-11-15 18:40:51.757827 WARNING::Fitting problem for feature 20 returning NA
2024-11-15 18:40:51.758586 INFO::Fitting model to feature number 21, s__Eubacterium_eligens
2024-11-15 18:40:51.761342 WARNING::Fitting problem for feature 21 returning NA
2024-11-15 18:40:51.762124 INFO::Fitting model to feature number 22, s__Eubacterium_hallii
2024-11-15 18:40:51.764935 WARNING::Fitting problem for feature 22 returning NA
2024-11-15 18:40:51.765697 INFO::Fitting model to feature number 23, s__Eubacterium_ramulus
2024-11-15 18:40:51.768493 WARNING::Fitting problem for feature 23 returning NA
2024-11-15 18:40:51.769247 INFO::Fitting model to feature number 24, s__Eubacterium_rectale
2024-11-15 18:40:51.77201 WARNING::Fitting problem for feature 24 returning NA
2024-11-15 18:40:51.772773 INFO::Fitting model to feature number 25, s__Eubacterium_sp_CAG_38
2024-11-15 18:40:51.775605 WARNING::Fitting problem for feature 25 returning NA
2024-11-15 18:40:51.776373 INFO::Fitting model to feature number 26, s__Faecalibacterium_prausnitzii
2024-11-15 18:40:51.77918 WARNING::Fitting problem for feature 26 returning NA
2024-11-15 18:40:51.779953 INFO::Fitting model to feature number 27, s__Fusicatenibacter_saccharivorans
2024-11-15 18:40:51.782727 WARNING::Fitting problem for feature 27 returning NA
2024-11-15 18:40:51.783509 INFO::Fitting model to feature number 28, s__Roseburia_faecis
2024-11-15 18:40:51.786355 WARNING::Fitting problem for feature 28 returning NA
2024-11-15 18:40:51.787185 INFO::Fitting model to feature number 29, s__Roseburia_intestinalis
2024-11-15 18:40:51.790088 WARNING::Fitting problem for feature 29 returning NA
2024-11-15 18:40:51.790908 INFO::Fitting model to feature number 30, s__Roseburia_inulinivorans
2024-11-15 18:40:51.793717 WARNING::Fitting problem for feature 30 returning NA
2024-11-15 18:40:51.794511 INFO::Fitting model to feature number 31, s__Ruminococcus_bicirculans
2024-11-15 18:40:51.797345 WARNING::Fitting problem for feature 31 returning NA
2024-11-15 18:40:51.79817 INFO::Fitting model to feature number 32, s__Ruminococcus_lactaris
2024-11-15 18:40:51.800989 WARNING::Fitting problem for feature 32 returning NA
2024-11-15 18:40:51.808079 INFO::Counting total values for each feature
2024-11-15 18:40:51.812521 INFO::Writing filtered data to file output/genetics_vs_microbes_PD/Maaslin2/rs3775458/features/filtered_data.tsv
2024-11-15 18:40:51.833703 INFO::Writing filtered, normalized data to file output/genetics_vs_microbes_PD/Maaslin2/rs3775458/features/filtered_data_norm.tsv
2024-11-15 18:40:51.854723 INFO::Writing filtered, normalized, transformed data to file output/genetics_vs_microbes_PD/Maaslin2/rs3775458/features/filtered_data_norm_transformed.tsv
2024-11-15 18:40:51.887237 WARNING::Deleting existing residuals file: output/genetics_vs_microbes_PD/Maaslin2/rs3775458/fits/residuals.rds
2024-11-15 18:40:51.888504 INFO::Writing residuals to file output/genetics_vs_microbes_PD/Maaslin2/rs3775458/fits/residuals.rds
2024-11-15 18:40:51.889421 WARNING::Deleting existing fitted file: output/genetics_vs_microbes_PD/Maaslin2/rs3775458/fits/fitted.rds
2024-11-15 18:40:51.890249 INFO::Writing fitted values to file output/genetics_vs_microbes_PD/Maaslin2/rs3775458/fits/fitted.rds
2024-11-15 18:40:51.89127 INFO::Writing all results to file (ordered by increasing q-values): output/genetics_vs_microbes_PD/Maaslin2/rs3775458/all_results.tsv
2024-11-15 18:40:51.892475 INFO::Writing the significant results (those which are less than or equal to the threshold of 0.050000 ) to file (ordered by increasing q-values): output/genetics_vs_microbes_PD/Maaslin2/rs3775458/significant_results.tsv
2024-11-15 18:40:51.893556 WARNING::Input is a matrix, passing through as.data.frame() .
