2024-11-15 18:40:51.186343 INFO::Writing function arguments to log file
2024-11-15 18:40:51.188354 DEBUG::Function arguments
2024-11-15 18:40:51.188691 DEBUG::Output folder: output/genetics_vs_microbes_PD/Maaslin2/rs2736990
2024-11-15 18:40:51.189019 DEBUG::Min Abundance: 0.000000
2024-11-15 18:40:51.189338 DEBUG::Min Prevalence: 0.100000
2024-11-15 18:40:51.189654 DEBUG::Normalization: NONE
2024-11-15 18:40:51.189966 DEBUG::Transform: LOG
2024-11-15 18:40:51.190288 DEBUG::Analysis method: LM
2024-11-15 18:40:51.190598 DEBUG::Max significance: 0.050000
2024-11-15 18:40:51.19091 DEBUG::Random effects:
2024-11-15 18:40:51.191414 DEBUG::Fixed effects: rs2736990,Case_status,Case_status*rs2736990,seqs_scaled,Age_at_collection
2024-11-15 18:40:51.19174 DEBUG::Correction method: BH
2024-11-15 18:40:51.19206 DEBUG::Standardize: FALSE
2024-11-15 18:40:51.192374 DEBUG::Cores: 1
2024-11-15 18:40:51.192668 INFO::Verifying options selected are valid
2024-11-15 18:40:51.193252 INFO::Determining format of input files
2024-11-15 18:40:51.193844 INFO::Input format is data samples as rows and metadata samples as rows
2024-11-15 18:40:51.194624 DEBUG::A total of 696 samples were found in both the data and metadata
2024-11-15 18:40:51.19494 DEBUG::Reordering data/metadata to use same sample ordering
2024-11-15 18:40:51.196739 WARNING::Feature name not found in metadata so not applied to formula as fixed effect: Case_status*rs2736990
2024-11-15 18:40:51.197464 INFO::Formula for fixed effects: expr ~  rs2736990 + Case_status + seqs_scaled + Age_at_collection
2024-11-15 18:40:51.198109 INFO::Factor detected for categorial metadata 'rs2736990'. Provide a reference argument or manually set factor ordering to change reference level.
2024-11-15 18:40:51.198851 INFO::Filter data based on min abundance and min prevalence
2024-11-15 18:40:51.199414 INFO::Total samples in data: 696
2024-11-15 18:40:51.199958 INFO::Min samples required with min abundance for a feature not to be filtered: 69.600000
2024-11-15 18:40:51.201722 INFO::Total filtered features: 27
2024-11-15 18:40:51.202335 INFO::Filtered feature names from abundance and prevalence filtering: s__Actinomyces_turicensis, s__Anaerococcus_octavius, s__Anaerococcus_vaginalis, s__Atopobium_minutum, s__Corynebacterium_amycolatum, s__Corynebacterium_aurimucosum, s__Finegoldia_magna, s__Gemella_asaccharolytica, s__Peptoniphilus_harei, s__Peptoniphilus_lacrimalis, s__Peptoniphilus_sp_HMSC062D09, s__Porphyromonas_asaccharolytica, s__Porphyromonas_sp_HMSC065F10, s__Porphyromonas_uenonis, s__Prevotella_bergensis, s__Prevotella_buccalis, s__Prevotella_disiens, s__Prevotella_timonensis, s__Varibaculum_cambriense, s__Bifidobacterium_gallinarum, s__Bifidobacterium_pullorum, s__Bifidobacterium_saeculare, s__Lactobacillus_gasseri, s__Lactobacillus_paragasseri, s__Lactobacillus_reuteri, s__Actinomyces_sp_oral_taxon_448, s__Streptococcus_lutetiensis
2024-11-15 18:40:51.203947 INFO::Total filtered features with variance filtering: 0
2024-11-15 18:40:51.204533 INFO::Filtered feature names from variance filtering:
2024-11-15 18:40:51.205074 INFO::Running selected normalization method: NONE
2024-11-15 18:40:51.20559 INFO::Bypass z-score application to metadata
2024-11-15 18:40:51.206118 INFO::Running selected transform method: LOG
2024-11-15 18:40:51.209044 INFO::Running selected analysis method: LM
2024-11-15 18:40:51.209666 INFO::Fitting model to feature number 1, s__Bifidobacterium_dentium
2024-11-15 18:40:51.212923 WARNING::Fitting problem for feature 1 returning NA
2024-11-15 18:40:51.213745 INFO::Fitting model to feature number 2, s__Bifidobacterium_bifidum
2024-11-15 18:40:51.216653 WARNING::Fitting problem for feature 2 returning NA
2024-11-15 18:40:51.217451 INFO::Fitting model to feature number 3, s__Bifidobacterium_breve
2024-11-15 18:40:51.220318 WARNING::Fitting problem for feature 3 returning NA
2024-11-15 18:40:51.221097 INFO::Fitting model to feature number 4, s__Bifidobacterium_longum
2024-11-15 18:40:51.22525 WARNING::Fitting problem for feature 4 returning NA
2024-11-15 18:40:51.226028 INFO::Fitting model to feature number 5, s__Lactobacillus_fermentum
2024-11-15 18:40:51.228884 WARNING::Fitting problem for feature 5 returning NA
2024-11-15 18:40:51.229655 INFO::Fitting model to feature number 6, s__Lactobacillus_salivarius
2024-11-15 18:40:51.232491 WARNING::Fitting problem for feature 6 returning NA
2024-11-15 18:40:51.233248 INFO::Fitting model to feature number 7, s__Lactobacillus_rhamnosus
2024-11-15 18:40:51.236054 WARNING::Fitting problem for feature 7 returning NA
2024-11-15 18:40:51.236805 INFO::Fitting model to feature number 8, s__Actinomyces_naeslundii
2024-11-15 18:40:51.239616 WARNING::Fitting problem for feature 8 returning NA
2024-11-15 18:40:51.240382 INFO::Fitting model to feature number 9, s__Actinomyces_oris
2024-11-15 18:40:51.243194 WARNING::Fitting problem for feature 9 returning NA
2024-11-15 18:40:51.243949 INFO::Fitting model to feature number 10, s__Actinomyces_sp_HPA0247
2024-11-15 18:40:51.246765 WARNING::Fitting problem for feature 10 returning NA
2024-11-15 18:40:51.247531 INFO::Fitting model to feature number 11, s__Streptococcus_anginosus_group
2024-11-15 18:40:51.250428 WARNING::Fitting problem for feature 11 returning NA
2024-11-15 18:40:51.251188 INFO::Fitting model to feature number 12, s__Streptococcus_mutans
2024-11-15 18:40:51.254058 WARNING::Fitting problem for feature 12 returning NA
2024-11-15 18:40:51.254813 INFO::Fitting model to feature number 13, s__Streptococcus_vestibularis
2024-11-15 18:40:51.257702 WARNING::Fitting problem for feature 13 returning NA
2024-11-15 18:40:51.258479 INFO::Fitting model to feature number 14, s__Escherichia_coli
2024-11-15 18:40:51.261332 WARNING::Fitting problem for feature 14 returning NA
2024-11-15 18:40:51.262094 INFO::Fitting model to feature number 15, s__Klebsiella_pneumoniae
2024-11-15 18:40:51.2649 WARNING::Fitting problem for feature 15 returning NA
2024-11-15 18:40:51.265667 INFO::Fitting model to feature number 16, s__Klebsiella_quasipneumoniae
2024-11-15 18:40:51.268472 WARNING::Fitting problem for feature 16 returning NA
2024-11-15 18:40:51.269236 INFO::Fitting model to feature number 17, s__Blautia_wexlerae
2024-11-15 18:40:51.272044 WARNING::Fitting problem for feature 17 returning NA
2024-11-15 18:40:51.272797 INFO::Fitting model to feature number 18, s__Blautia_hansenii
2024-11-15 18:40:51.275625 WARNING::Fitting problem for feature 18 returning NA
2024-11-15 18:40:51.276381 INFO::Fitting model to feature number 19, s__Anaerostipes_hadrus
2024-11-15 18:40:51.279199 WARNING::Fitting problem for feature 19 returning NA
2024-11-15 18:40:51.279955 INFO::Fitting model to feature number 20, s__Clostridium_sp_CAG_58
2024-11-15 18:40:51.282857 WARNING::Fitting problem for feature 20 returning NA
2024-11-15 18:40:51.283637 INFO::Fitting model to feature number 21, s__Eubacterium_eligens
2024-11-15 18:40:51.286477 WARNING::Fitting problem for feature 21 returning NA
2024-11-15 18:40:51.287241 INFO::Fitting model to feature number 22, s__Eubacterium_hallii
2024-11-15 18:40:51.290053 WARNING::Fitting problem for feature 22 returning NA
2024-11-15 18:40:51.290805 INFO::Fitting model to feature number 23, s__Eubacterium_ramulus
2024-11-15 18:40:51.293605 WARNING::Fitting problem for feature 23 returning NA
2024-11-15 18:40:51.294363 INFO::Fitting model to feature number 24, s__Eubacterium_rectale
2024-11-15 18:40:51.297184 WARNING::Fitting problem for feature 24 returning NA
2024-11-15 18:40:51.297934 INFO::Fitting model to feature number 25, s__Eubacterium_sp_CAG_38
2024-11-15 18:40:51.30076 WARNING::Fitting problem for feature 25 returning NA
2024-11-15 18:40:51.301525 INFO::Fitting model to feature number 26, s__Faecalibacterium_prausnitzii
2024-11-15 18:40:51.304416 WARNING::Fitting problem for feature 26 returning NA
2024-11-15 18:40:51.305192 INFO::Fitting model to feature number 27, s__Fusicatenibacter_saccharivorans
2024-11-15 18:40:51.308055 WARNING::Fitting problem for feature 27 returning NA
2024-11-15 18:40:51.308801 INFO::Fitting model to feature number 28, s__Roseburia_faecis
2024-11-15 18:40:51.31163 WARNING::Fitting problem for feature 28 returning NA
2024-11-15 18:40:51.31239 INFO::Fitting model to feature number 29, s__Roseburia_intestinalis
2024-11-15 18:40:51.315279 WARNING::Fitting problem for feature 29 returning NA
2024-11-15 18:40:51.316043 INFO::Fitting model to feature number 30, s__Roseburia_inulinivorans
2024-11-15 18:40:51.318878 WARNING::Fitting problem for feature 30 returning NA
2024-11-15 18:40:51.31964 INFO::Fitting model to feature number 31, s__Ruminococcus_bicirculans
2024-11-15 18:40:51.322464 WARNING::Fitting problem for feature 31 returning NA
2024-11-15 18:40:51.323222 INFO::Fitting model to feature number 32, s__Ruminococcus_lactaris
2024-11-15 18:40:51.326027 WARNING::Fitting problem for feature 32 returning NA
2024-11-15 18:40:51.332767 INFO::Counting total values for each feature
2024-11-15 18:40:51.337151 INFO::Writing filtered data to file output/genetics_vs_microbes_PD/Maaslin2/rs2736990/features/filtered_data.tsv
2024-11-15 18:40:51.358374 INFO::Writing filtered, normalized data to file output/genetics_vs_microbes_PD/Maaslin2/rs2736990/features/filtered_data_norm.tsv
2024-11-15 18:40:51.378307 INFO::Writing filtered, normalized, transformed data to file output/genetics_vs_microbes_PD/Maaslin2/rs2736990/features/filtered_data_norm_transformed.tsv
2024-11-15 18:40:51.40983 WARNING::Deleting existing residuals file: output/genetics_vs_microbes_PD/Maaslin2/rs2736990/fits/residuals.rds
2024-11-15 18:40:51.410632 INFO::Writing residuals to file output/genetics_vs_microbes_PD/Maaslin2/rs2736990/fits/residuals.rds
2024-11-15 18:40:51.411494 WARNING::Deleting existing fitted file: output/genetics_vs_microbes_PD/Maaslin2/rs2736990/fits/fitted.rds
2024-11-15 18:40:51.412431 INFO::Writing fitted values to file output/genetics_vs_microbes_PD/Maaslin2/rs2736990/fits/fitted.rds
2024-11-15 18:40:51.413226 INFO::Writing all results to file (ordered by increasing q-values): output/genetics_vs_microbes_PD/Maaslin2/rs2736990/all_results.tsv
2024-11-15 18:40:51.414385 INFO::Writing the significant results (those which are less than or equal to the threshold of 0.050000 ) to file (ordered by increasing q-values): output/genetics_vs_microbes_PD/Maaslin2/rs2736990/significant_results.tsv
2024-11-15 18:40:51.415451 WARNING::Input is a matrix, passing through as.data.frame() .
