2024-11-15 18:40:50.191183 INFO::Writing function arguments to log file
2024-11-15 18:40:50.192037 DEBUG::Function arguments
2024-11-15 18:40:50.192366 DEBUG::Output folder: output/genetics_vs_microbes_PD/Maaslin2/rs11931074
2024-11-15 18:40:50.192682 DEBUG::Min Abundance: 0.000000
2024-11-15 18:40:50.193005 DEBUG::Min Prevalence: 0.100000
2024-11-15 18:40:50.193316 DEBUG::Normalization: NONE
2024-11-15 18:40:50.193623 DEBUG::Transform: LOG
2024-11-15 18:40:50.193928 DEBUG::Analysis method: LM
2024-11-15 18:40:50.194243 DEBUG::Max significance: 0.050000
2024-11-15 18:40:50.194552 DEBUG::Random effects:
2024-11-15 18:40:50.195036 DEBUG::Fixed effects: rs11931074,Case_status,Case_status*rs11931074,seqs_scaled,Age_at_collection
2024-11-15 18:40:50.195359 DEBUG::Correction method: BH
2024-11-15 18:40:50.195668 DEBUG::Standardize: FALSE
2024-11-15 18:40:50.195975 DEBUG::Cores: 1
2024-11-15 18:40:50.196273 INFO::Verifying options selected are valid
2024-11-15 18:40:50.196836 INFO::Determining format of input files
2024-11-15 18:40:50.197436 INFO::Input format is data samples as rows and metadata samples as rows
2024-11-15 18:40:50.198253 DEBUG::A total of 696 samples were found in both the data and metadata
2024-11-15 18:40:50.198574 DEBUG::Reordering data/metadata to use same sample ordering
2024-11-15 18:40:50.200623 WARNING::Feature name not found in metadata so not applied to formula as fixed effect: Case_status*rs11931074
2024-11-15 18:40:50.201345 INFO::Formula for fixed effects: expr ~  rs11931074 + Case_status + seqs_scaled + Age_at_collection
2024-11-15 18:40:50.201956 INFO::Factor detected for categorial metadata 'rs11931074'. Provide a reference argument or manually set factor ordering to change reference level.
2024-11-15 18:40:50.202682 INFO::Filter data based on min abundance and min prevalence
2024-11-15 18:40:50.203223 INFO::Total samples in data: 696
2024-11-15 18:40:50.203734 INFO::Min samples required with min abundance for a feature not to be filtered: 69.600000
2024-11-15 18:40:50.205644 INFO::Total filtered features: 27
2024-11-15 18:40:50.206223 INFO::Filtered feature names from abundance and prevalence filtering: s__Actinomyces_turicensis, s__Anaerococcus_octavius, s__Anaerococcus_vaginalis, s__Atopobium_minutum, s__Corynebacterium_amycolatum, s__Corynebacterium_aurimucosum, s__Finegoldia_magna, s__Gemella_asaccharolytica, s__Peptoniphilus_harei, s__Peptoniphilus_lacrimalis, s__Peptoniphilus_sp_HMSC062D09, s__Porphyromonas_asaccharolytica, s__Porphyromonas_sp_HMSC065F10, s__Porphyromonas_uenonis, s__Prevotella_bergensis, s__Prevotella_buccalis, s__Prevotella_disiens, s__Prevotella_timonensis, s__Varibaculum_cambriense, s__Bifidobacterium_gallinarum, s__Bifidobacterium_pullorum, s__Bifidobacterium_saeculare, s__Lactobacillus_gasseri, s__Lactobacillus_paragasseri, s__Lactobacillus_reuteri, s__Actinomyces_sp_oral_taxon_448, s__Streptococcus_lutetiensis
2024-11-15 18:40:50.208065 INFO::Total filtered features with variance filtering: 0
2024-11-15 18:40:50.208629 INFO::Filtered feature names from variance filtering:
2024-11-15 18:40:50.209164 INFO::Running selected normalization method: NONE
2024-11-15 18:40:50.20968 INFO::Bypass z-score application to metadata
2024-11-15 18:40:50.210212 INFO::Running selected transform method: LOG
2024-11-15 18:40:50.213876 INFO::Running selected analysis method: LM
2024-11-15 18:40:50.214528 INFO::Fitting model to feature number 1, s__Bifidobacterium_dentium
2024-11-15 18:40:50.217784 WARNING::Fitting problem for feature 1 returning NA
2024-11-15 18:40:50.218647 INFO::Fitting model to feature number 2, s__Bifidobacterium_bifidum
2024-11-15 18:40:50.221741 WARNING::Fitting problem for feature 2 returning NA
2024-11-15 18:40:50.222571 INFO::Fitting model to feature number 3, s__Bifidobacterium_breve
2024-11-15 18:40:50.225616 WARNING::Fitting problem for feature 3 returning NA
2024-11-15 18:40:50.226443 INFO::Fitting model to feature number 4, s__Bifidobacterium_longum
2024-11-15 18:40:50.230524 WARNING::Fitting problem for feature 4 returning NA
2024-11-15 18:40:50.231342 INFO::Fitting model to feature number 5, s__Lactobacillus_fermentum
2024-11-15 18:40:50.234344 WARNING::Fitting problem for feature 5 returning NA
2024-11-15 18:40:50.235125 INFO::Fitting model to feature number 6, s__Lactobacillus_salivarius
2024-11-15 18:40:50.238136 WARNING::Fitting problem for feature 6 returning NA
2024-11-15 18:40:50.238896 INFO::Fitting model to feature number 7, s__Lactobacillus_rhamnosus
2024-11-15 18:40:50.241857 WARNING::Fitting problem for feature 7 returning NA
2024-11-15 18:40:50.242608 INFO::Fitting model to feature number 8, s__Actinomyces_naeslundii
2024-11-15 18:40:50.245564 WARNING::Fitting problem for feature 8 returning NA
2024-11-15 18:40:50.246324 INFO::Fitting model to feature number 9, s__Actinomyces_oris
2024-11-15 18:40:50.249323 WARNING::Fitting problem for feature 9 returning NA
2024-11-15 18:40:50.25009 INFO::Fitting model to feature number 10, s__Actinomyces_sp_HPA0247
2024-11-15 18:40:50.253114 WARNING::Fitting problem for feature 10 returning NA
2024-11-15 18:40:50.253877 INFO::Fitting model to feature number 11, s__Streptococcus_anginosus_group
2024-11-15 18:40:50.256927 WARNING::Fitting problem for feature 11 returning NA
2024-11-15 18:40:50.257692 INFO::Fitting model to feature number 12, s__Streptococcus_mutans
2024-11-15 18:40:50.261043 WARNING::Fitting problem for feature 12 returning NA
2024-11-15 18:40:50.26187 INFO::Fitting model to feature number 13, s__Streptococcus_vestibularis
2024-11-15 18:40:50.265263 WARNING::Fitting problem for feature 13 returning NA
2024-11-15 18:40:50.266107 INFO::Fitting model to feature number 14, s__Escherichia_coli
2024-11-15 18:40:50.269504 WARNING::Fitting problem for feature 14 returning NA
2024-11-15 18:40:50.270333 INFO::Fitting model to feature number 15, s__Klebsiella_pneumoniae
2024-11-15 18:40:50.273705 WARNING::Fitting problem for feature 15 returning NA
2024-11-15 18:40:50.274546 INFO::Fitting model to feature number 16, s__Klebsiella_quasipneumoniae
2024-11-15 18:40:50.2779 WARNING::Fitting problem for feature 16 returning NA
2024-11-15 18:40:50.278735 INFO::Fitting model to feature number 17, s__Blautia_wexlerae
2024-11-15 18:40:50.282097 WARNING::Fitting problem for feature 17 returning NA
2024-11-15 18:40:50.282933 INFO::Fitting model to feature number 18, s__Blautia_hansenii
2024-11-15 18:40:50.286306 WARNING::Fitting problem for feature 18 returning NA
2024-11-15 18:40:50.287151 INFO::Fitting model to feature number 19, s__Anaerostipes_hadrus
2024-11-15 18:40:50.290523 WARNING::Fitting problem for feature 19 returning NA
2024-11-15 18:40:50.291381 INFO::Fitting model to feature number 20, s__Clostridium_sp_CAG_58
2024-11-15 18:40:50.294766 WARNING::Fitting problem for feature 20 returning NA
2024-11-15 18:40:50.29562 INFO::Fitting model to feature number 21, s__Eubacterium_eligens
2024-11-15 18:40:50.298987 WARNING::Fitting problem for feature 21 returning NA
2024-11-15 18:40:50.299832 INFO::Fitting model to feature number 22, s__Eubacterium_hallii
2024-11-15 18:40:50.303204 WARNING::Fitting problem for feature 22 returning NA
2024-11-15 18:40:50.304041 INFO::Fitting model to feature number 23, s__Eubacterium_ramulus
2024-11-15 18:40:50.307418 WARNING::Fitting problem for feature 23 returning NA
2024-11-15 18:40:50.308258 INFO::Fitting model to feature number 24, s__Eubacterium_rectale
2024-11-15 18:40:50.31163 WARNING::Fitting problem for feature 24 returning NA
2024-11-15 18:40:50.312494 INFO::Fitting model to feature number 25, s__Eubacterium_sp_CAG_38
2024-11-15 18:40:50.315863 WARNING::Fitting problem for feature 25 returning NA
2024-11-15 18:40:50.316704 INFO::Fitting model to feature number 26, s__Faecalibacterium_prausnitzii
2024-11-15 18:40:50.320081 WARNING::Fitting problem for feature 26 returning NA
2024-11-15 18:40:50.320926 INFO::Fitting model to feature number 27, s__Fusicatenibacter_saccharivorans
2024-11-15 18:40:50.324308 WARNING::Fitting problem for feature 27 returning NA
2024-11-15 18:40:50.325153 INFO::Fitting model to feature number 28, s__Roseburia_faecis
2024-11-15 18:40:50.328532 WARNING::Fitting problem for feature 28 returning NA
2024-11-15 18:40:50.329376 INFO::Fitting model to feature number 29, s__Roseburia_intestinalis
2024-11-15 18:40:50.332746 WARNING::Fitting problem for feature 29 returning NA
2024-11-15 18:40:50.33359 INFO::Fitting model to feature number 30, s__Roseburia_inulinivorans
2024-11-15 18:40:50.336955 WARNING::Fitting problem for feature 30 returning NA
2024-11-15 18:40:50.337799 INFO::Fitting model to feature number 31, s__Ruminococcus_bicirculans
2024-11-15 18:40:50.341172 WARNING::Fitting problem for feature 31 returning NA
2024-11-15 18:40:50.342005 INFO::Fitting model to feature number 32, s__Ruminococcus_lactaris
2024-11-15 18:40:50.345367 WARNING::Fitting problem for feature 32 returning NA
2024-11-15 18:40:50.353723 INFO::Counting total values for each feature
2024-11-15 18:40:50.359192 INFO::Writing filtered data to file output/genetics_vs_microbes_PD/Maaslin2/rs11931074/features/filtered_data.tsv
2024-11-15 18:40:50.379638 INFO::Writing filtered, normalized data to file output/genetics_vs_microbes_PD/Maaslin2/rs11931074/features/filtered_data_norm.tsv
2024-11-15 18:40:50.400791 INFO::Writing filtered, normalized, transformed data to file output/genetics_vs_microbes_PD/Maaslin2/rs11931074/features/filtered_data_norm_transformed.tsv
2024-11-15 18:40:50.433038 WARNING::Deleting existing residuals file: output/genetics_vs_microbes_PD/Maaslin2/rs11931074/fits/residuals.rds
2024-11-15 18:40:50.4345 INFO::Writing residuals to file output/genetics_vs_microbes_PD/Maaslin2/rs11931074/fits/residuals.rds
2024-11-15 18:40:50.436749 WARNING::Deleting existing fitted file: output/genetics_vs_microbes_PD/Maaslin2/rs11931074/fits/fitted.rds
2024-11-15 18:40:50.437829 INFO::Writing fitted values to file output/genetics_vs_microbes_PD/Maaslin2/rs11931074/fits/fitted.rds
2024-11-15 18:40:50.438778 INFO::Writing all results to file (ordered by increasing q-values): output/genetics_vs_microbes_PD/Maaslin2/rs11931074/all_results.tsv
2024-11-15 18:40:50.44071 INFO::Writing the significant results (those which are less than or equal to the threshold of 0.050000 ) to file (ordered by increasing q-values): output/genetics_vs_microbes_PD/Maaslin2/rs11931074/significant_results.tsv
2024-11-15 18:40:50.442044 WARNING::Input is a matrix, passing through as.data.frame() .
