2024-11-18 12:45:41.328448 INFO::Writing function arguments to log file
2024-11-18 12:45:41.329078 DEBUG::Function arguments
2024-11-18 12:45:41.329402 DEBUG::Output folder: output/genetics_vs_microbes_PD/Maaslin2/rs5019538
2024-11-18 12:45:41.329711 DEBUG::Min Abundance: 0.000000
2024-11-18 12:45:41.330028 DEBUG::Min Prevalence: 0.100000
2024-11-18 12:45:41.330343 DEBUG::Normalization: NONE
2024-11-18 12:45:41.330643 DEBUG::Transform: LOG
2024-11-18 12:45:41.330947 DEBUG::Analysis method: LM
2024-11-18 12:45:41.331248 DEBUG::Max significance: 0.050000
2024-11-18 12:45:41.331552 DEBUG::Random effects:
2024-11-18 12:45:41.332045 DEBUG::Fixed effects: rs5019538,Case_status,Case_status*rs5019538,seqs_scaled,Age_at_collection
2024-11-18 12:45:41.332366 DEBUG::Correction method: BH
2024-11-18 12:45:41.332676 DEBUG::Standardize: FALSE
2024-11-18 12:45:41.332989 DEBUG::Cores: 1
2024-11-18 12:45:41.333281 INFO::Verifying options selected are valid
2024-11-18 12:45:41.333835 INFO::Determining format of input files
2024-11-18 12:45:41.334421 INFO::Input format is data samples as rows and metadata samples as rows
2024-11-18 12:45:41.335181 DEBUG::A total of 696 samples were found in both the data and metadata
2024-11-18 12:45:41.335494 DEBUG::Reordering data/metadata to use same sample ordering
2024-11-18 12:45:41.337286 WARNING::Feature name not found in metadata so not applied to formula as fixed effect: Case_status*rs5019538
2024-11-18 12:45:41.338001 INFO::Formula for fixed effects: expr ~  rs5019538 + Case_status + seqs_scaled + Age_at_collection
2024-11-18 12:45:41.338612 INFO::Factor detected for categorial metadata 'rs5019538'. Provide a reference argument or manually set factor ordering to change reference level.
2024-11-18 12:45:41.339343 INFO::Filter data based on min abundance and min prevalence
2024-11-18 12:45:41.339861 INFO::Total samples in data: 696
2024-11-18 12:45:41.340371 INFO::Min samples required with min abundance for a feature not to be filtered: 69.600000
2024-11-18 12:45:41.342004 INFO::Total filtered features: 27
2024-11-18 12:45:41.342568 INFO::Filtered feature names from abundance and prevalence filtering: s__Actinomyces_turicensis, s__Anaerococcus_octavius, s__Anaerococcus_vaginalis, s__Atopobium_minutum, s__Corynebacterium_amycolatum, s__Corynebacterium_aurimucosum, s__Finegoldia_magna, s__Gemella_asaccharolytica, s__Peptoniphilus_harei, s__Peptoniphilus_lacrimalis, s__Peptoniphilus_sp_HMSC062D09, s__Porphyromonas_asaccharolytica, s__Porphyromonas_sp_HMSC065F10, s__Porphyromonas_uenonis, s__Prevotella_bergensis, s__Prevotella_buccalis, s__Prevotella_disiens, s__Prevotella_timonensis, s__Varibaculum_cambriense, s__Bifidobacterium_gallinarum, s__Bifidobacterium_pullorum, s__Bifidobacterium_saeculare, s__Lactobacillus_gasseri, s__Lactobacillus_paragasseri, s__Lactobacillus_reuteri, s__Actinomyces_sp_oral_taxon_448, s__Streptococcus_lutetiensis
2024-11-18 12:45:41.344033 INFO::Total filtered features with variance filtering: 0
2024-11-18 12:45:41.344579 INFO::Filtered feature names from variance filtering:
2024-11-18 12:45:41.345093 INFO::Running selected normalization method: NONE
2024-11-18 12:45:41.345584 INFO::Bypass z-score application to metadata
2024-11-18 12:45:41.346089 INFO::Running selected transform method: LOG
2024-11-18 12:45:41.34887 INFO::Running selected analysis method: LM
2024-11-18 12:45:41.349456 INFO::Fitting model to feature number 1, s__Bifidobacterium_dentium
2024-11-18 12:45:41.35214 WARNING::Fitting problem for feature 1 returning NA
2024-11-18 12:45:41.352867 INFO::Fitting model to feature number 2, s__Bifidobacterium_bifidum
2024-11-18 12:45:41.355624 WARNING::Fitting problem for feature 2 returning NA
2024-11-18 12:45:41.356368 INFO::Fitting model to feature number 3, s__Bifidobacterium_breve
2024-11-18 12:45:41.359194 WARNING::Fitting problem for feature 3 returning NA
2024-11-18 12:45:41.359941 INFO::Fitting model to feature number 4, s__Bifidobacterium_longum
2024-11-18 12:45:41.363199 WARNING::Fitting problem for feature 4 returning NA
2024-11-18 12:45:41.363929 INFO::Fitting model to feature number 5, s__Lactobacillus_fermentum
2024-11-18 12:45:41.36671 WARNING::Fitting problem for feature 5 returning NA
2024-11-18 12:45:41.36747 INFO::Fitting model to feature number 6, s__Lactobacillus_salivarius
2024-11-18 12:45:41.370274 WARNING::Fitting problem for feature 6 returning NA
2024-11-18 12:45:41.37102 INFO::Fitting model to feature number 7, s__Lactobacillus_rhamnosus
2024-11-18 12:45:41.373899 WARNING::Fitting problem for feature 7 returning NA
2024-11-18 12:45:41.374646 INFO::Fitting model to feature number 8, s__Actinomyces_naeslundii
2024-11-18 12:45:41.377559 WARNING::Fitting problem for feature 8 returning NA
2024-11-18 12:45:41.378333 INFO::Fitting model to feature number 9, s__Actinomyces_oris
2024-11-18 12:45:41.381282 WARNING::Fitting problem for feature 9 returning NA
2024-11-18 12:45:41.382059 INFO::Fitting model to feature number 10, s__Actinomyces_sp_HPA0247
2024-11-18 12:45:41.385009 WARNING::Fitting problem for feature 10 returning NA
2024-11-18 12:45:41.385762 INFO::Fitting model to feature number 11, s__Streptococcus_anginosus_group
2024-11-18 12:45:41.388661 WARNING::Fitting problem for feature 11 returning NA
2024-11-18 12:45:41.389439 INFO::Fitting model to feature number 12, s__Streptococcus_mutans
2024-11-18 12:45:41.392414 WARNING::Fitting problem for feature 12 returning NA
2024-11-18 12:45:41.393179 INFO::Fitting model to feature number 13, s__Streptococcus_vestibularis
2024-11-18 12:45:41.396088 WARNING::Fitting problem for feature 13 returning NA
2024-11-18 12:45:41.396837 INFO::Fitting model to feature number 14, s__Escherichia_coli
2024-11-18 12:45:41.399801 WARNING::Fitting problem for feature 14 returning NA
2024-11-18 12:45:41.400588 INFO::Fitting model to feature number 15, s__Klebsiella_pneumoniae
2024-11-18 12:45:41.403514 WARNING::Fitting problem for feature 15 returning NA
2024-11-18 12:45:41.404261 INFO::Fitting model to feature number 16, s__Klebsiella_quasipneumoniae
2024-11-18 12:45:41.407187 WARNING::Fitting problem for feature 16 returning NA
2024-11-18 12:45:41.40793 INFO::Fitting model to feature number 17, s__Blautia_wexlerae
2024-11-18 12:45:41.410866 WARNING::Fitting problem for feature 17 returning NA
2024-11-18 12:45:41.411614 INFO::Fitting model to feature number 18, s__Blautia_hansenii
2024-11-18 12:45:41.414576 WARNING::Fitting problem for feature 18 returning NA
2024-11-18 12:45:41.415328 INFO::Fitting model to feature number 19, s__Anaerostipes_hadrus
2024-11-18 12:45:41.418268 WARNING::Fitting problem for feature 19 returning NA
2024-11-18 12:45:41.419022 INFO::Fitting model to feature number 20, s__Clostridium_sp_CAG_58
2024-11-18 12:45:41.42198 WARNING::Fitting problem for feature 20 returning NA
2024-11-18 12:45:41.422738 INFO::Fitting model to feature number 21, s__Eubacterium_eligens
2024-11-18 12:45:41.425688 WARNING::Fitting problem for feature 21 returning NA
2024-11-18 12:45:41.426457 INFO::Fitting model to feature number 22, s__Eubacterium_hallii
2024-11-18 12:45:41.429369 WARNING::Fitting problem for feature 22 returning NA
2024-11-18 12:45:41.430119 INFO::Fitting model to feature number 23, s__Eubacterium_ramulus
2024-11-18 12:45:41.433072 WARNING::Fitting problem for feature 23 returning NA
2024-11-18 12:45:41.43382 INFO::Fitting model to feature number 24, s__Eubacterium_rectale
2024-11-18 12:45:41.436759 WARNING::Fitting problem for feature 24 returning NA
2024-11-18 12:45:41.437503 INFO::Fitting model to feature number 25, s__Eubacterium_sp_CAG_38
2024-11-18 12:45:41.440428 WARNING::Fitting problem for feature 25 returning NA
2024-11-18 12:45:41.44119 INFO::Fitting model to feature number 26, s__Faecalibacterium_prausnitzii
2024-11-18 12:45:41.444158 WARNING::Fitting problem for feature 26 returning NA
2024-11-18 12:45:41.444897 INFO::Fitting model to feature number 27, s__Fusicatenibacter_saccharivorans
2024-11-18 12:45:41.447806 WARNING::Fitting problem for feature 27 returning NA
2024-11-18 12:45:41.448561 INFO::Fitting model to feature number 28, s__Roseburia_faecis
2024-11-18 12:45:41.451531 WARNING::Fitting problem for feature 28 returning NA
2024-11-18 12:45:41.452292 INFO::Fitting model to feature number 29, s__Roseburia_intestinalis
2024-11-18 12:45:41.455263 WARNING::Fitting problem for feature 29 returning NA
2024-11-18 12:45:41.456028 INFO::Fitting model to feature number 30, s__Roseburia_inulinivorans
2024-11-18 12:45:41.459049 WARNING::Fitting problem for feature 30 returning NA
2024-11-18 12:45:41.459804 INFO::Fitting model to feature number 31, s__Ruminococcus_bicirculans
2024-11-18 12:45:41.462792 WARNING::Fitting problem for feature 31 returning NA
2024-11-18 12:45:41.463558 INFO::Fitting model to feature number 32, s__Ruminococcus_lactaris
2024-11-18 12:45:41.466861 WARNING::Fitting problem for feature 32 returning NA
2024-11-18 12:45:41.475014 INFO::Counting total values for each feature
2024-11-18 12:45:41.48028 INFO::Writing filtered data to file output/genetics_vs_microbes_PD/Maaslin2/rs5019538/features/filtered_data.tsv
2024-11-18 12:45:41.500244 INFO::Writing filtered, normalized data to file output/genetics_vs_microbes_PD/Maaslin2/rs5019538/features/filtered_data_norm.tsv
2024-11-18 12:45:41.520034 INFO::Writing filtered, normalized, transformed data to file output/genetics_vs_microbes_PD/Maaslin2/rs5019538/features/filtered_data_norm_transformed.tsv
2024-11-18 12:45:41.551615 WARNING::Deleting existing residuals file: output/genetics_vs_microbes_PD/Maaslin2/rs5019538/fits/residuals.rds
2024-11-18 12:45:41.553202 INFO::Writing residuals to file output/genetics_vs_microbes_PD/Maaslin2/rs5019538/fits/residuals.rds
2024-11-18 12:45:41.55476 WARNING::Deleting existing fitted file: output/genetics_vs_microbes_PD/Maaslin2/rs5019538/fits/fitted.rds
2024-11-18 12:45:41.55583 INFO::Writing fitted values to file output/genetics_vs_microbes_PD/Maaslin2/rs5019538/fits/fitted.rds
2024-11-18 12:45:41.556763 INFO::Writing all results to file (ordered by increasing q-values): output/genetics_vs_microbes_PD/Maaslin2/rs5019538/all_results.tsv
2024-11-18 12:45:41.558627 INFO::Writing the significant results (those which are less than or equal to the threshold of 0.050000 ) to file (ordered by increasing q-values): output/genetics_vs_microbes_PD/Maaslin2/rs5019538/significant_results.tsv
2024-11-18 12:45:41.560494 WARNING::Input is a matrix, passing through as.data.frame() .
