2024-11-15 18:40:51.896368 INFO::Writing function arguments to log file
2024-11-15 18:40:51.898582 DEBUG::Function arguments
2024-11-15 18:40:51.898926 DEBUG::Output folder: output/genetics_vs_microbes_PD/Maaslin2/rs3806789
2024-11-15 18:40:51.899264 DEBUG::Min Abundance: 0.000000
2024-11-15 18:40:51.899584 DEBUG::Min Prevalence: 0.100000
2024-11-15 18:40:51.899901 DEBUG::Normalization: NONE
2024-11-15 18:40:51.900221 DEBUG::Transform: LOG
2024-11-15 18:40:51.900535 DEBUG::Analysis method: LM
2024-11-15 18:40:51.900849 DEBUG::Max significance: 0.050000
2024-11-15 18:40:51.90117 DEBUG::Random effects:
2024-11-15 18:40:51.901683 DEBUG::Fixed effects: rs3806789,Case_status,Case_status*rs3806789,seqs_scaled,Age_at_collection
2024-11-15 18:40:51.902016 DEBUG::Correction method: BH
2024-11-15 18:40:51.902336 DEBUG::Standardize: FALSE
2024-11-15 18:40:51.902648 DEBUG::Cores: 1
2024-11-15 18:40:51.90295 INFO::Verifying options selected are valid
2024-11-15 18:40:51.90355 INFO::Determining format of input files
2024-11-15 18:40:51.904164 INFO::Input format is data samples as rows and metadata samples as rows
2024-11-15 18:40:51.904951 DEBUG::A total of 696 samples were found in both the data and metadata
2024-11-15 18:40:51.905275 DEBUG::Reordering data/metadata to use same sample ordering
2024-11-15 18:40:51.907074 WARNING::Feature name not found in metadata so not applied to formula as fixed effect: Case_status*rs3806789
2024-11-15 18:40:51.90786 INFO::Formula for fixed effects: expr ~  rs3806789 + Case_status + seqs_scaled + Age_at_collection
2024-11-15 18:40:51.908502 INFO::Factor detected for categorial metadata 'rs3806789'. Provide a reference argument or manually set factor ordering to change reference level.
2024-11-15 18:40:51.909254 INFO::Filter data based on min abundance and min prevalence
2024-11-15 18:40:51.909791 INFO::Total samples in data: 696
2024-11-15 18:40:51.910316 INFO::Min samples required with min abundance for a feature not to be filtered: 69.600000
2024-11-15 18:40:51.912002 INFO::Total filtered features: 27
2024-11-15 18:40:51.912593 INFO::Filtered feature names from abundance and prevalence filtering: s__Actinomyces_turicensis, s__Anaerococcus_octavius, s__Anaerococcus_vaginalis, s__Atopobium_minutum, s__Corynebacterium_amycolatum, s__Corynebacterium_aurimucosum, s__Finegoldia_magna, s__Gemella_asaccharolytica, s__Peptoniphilus_harei, s__Peptoniphilus_lacrimalis, s__Peptoniphilus_sp_HMSC062D09, s__Porphyromonas_asaccharolytica, s__Porphyromonas_sp_HMSC065F10, s__Porphyromonas_uenonis, s__Prevotella_bergensis, s__Prevotella_buccalis, s__Prevotella_disiens, s__Prevotella_timonensis, s__Varibaculum_cambriense, s__Bifidobacterium_gallinarum, s__Bifidobacterium_pullorum, s__Bifidobacterium_saeculare, s__Lactobacillus_gasseri, s__Lactobacillus_paragasseri, s__Lactobacillus_reuteri, s__Actinomyces_sp_oral_taxon_448, s__Streptococcus_lutetiensis
2024-11-15 18:40:51.914166 INFO::Total filtered features with variance filtering: 0
2024-11-15 18:40:51.914729 INFO::Filtered feature names from variance filtering:
2024-11-15 18:40:51.915254 INFO::Running selected normalization method: NONE
2024-11-15 18:40:51.915765 INFO::Bypass z-score application to metadata
2024-11-15 18:40:51.916289 INFO::Running selected transform method: LOG
2024-11-15 18:40:51.919222 INFO::Running selected analysis method: LM
2024-11-15 18:40:51.919887 INFO::Fitting model to feature number 1, s__Bifidobacterium_dentium
2024-11-15 18:40:51.923081 WARNING::Fitting problem for feature 1 returning NA
2024-11-15 18:40:51.923912 INFO::Fitting model to feature number 2, s__Bifidobacterium_bifidum
2024-11-15 18:40:51.926743 WARNING::Fitting problem for feature 2 returning NA
2024-11-15 18:40:51.92753 INFO::Fitting model to feature number 3, s__Bifidobacterium_breve
2024-11-15 18:40:51.930347 WARNING::Fitting problem for feature 3 returning NA
2024-11-15 18:40:51.931144 INFO::Fitting model to feature number 4, s__Bifidobacterium_longum
2024-11-15 18:40:51.934889 WARNING::Fitting problem for feature 4 returning NA
2024-11-15 18:40:51.935672 INFO::Fitting model to feature number 5, s__Lactobacillus_fermentum
2024-11-15 18:40:51.939003 WARNING::Fitting problem for feature 5 returning NA
2024-11-15 18:40:51.939927 INFO::Fitting model to feature number 6, s__Lactobacillus_salivarius
2024-11-15 18:40:51.943778 WARNING::Fitting problem for feature 6 returning NA
2024-11-15 18:40:51.944553 INFO::Fitting model to feature number 7, s__Lactobacillus_rhamnosus
2024-11-15 18:40:51.947393 WARNING::Fitting problem for feature 7 returning NA
2024-11-15 18:40:51.948167 INFO::Fitting model to feature number 8, s__Actinomyces_naeslundii
2024-11-15 18:40:51.951011 WARNING::Fitting problem for feature 8 returning NA
2024-11-15 18:40:51.951772 INFO::Fitting model to feature number 9, s__Actinomyces_oris
2024-11-15 18:40:51.954621 WARNING::Fitting problem for feature 9 returning NA
2024-11-15 18:40:51.955389 INFO::Fitting model to feature number 10, s__Actinomyces_sp_HPA0247
2024-11-15 18:40:51.958213 WARNING::Fitting problem for feature 10 returning NA
2024-11-15 18:40:51.958964 INFO::Fitting model to feature number 11, s__Streptococcus_anginosus_group
2024-11-15 18:40:51.961836 WARNING::Fitting problem for feature 11 returning NA
2024-11-15 18:40:51.962592 INFO::Fitting model to feature number 12, s__Streptococcus_mutans
2024-11-15 18:40:51.965426 WARNING::Fitting problem for feature 12 returning NA
2024-11-15 18:40:51.966184 INFO::Fitting model to feature number 13, s__Streptococcus_vestibularis
2024-11-15 18:40:51.969022 WARNING::Fitting problem for feature 13 returning NA
2024-11-15 18:40:51.969789 INFO::Fitting model to feature number 14, s__Escherichia_coli
2024-11-15 18:40:51.972692 WARNING::Fitting problem for feature 14 returning NA
2024-11-15 18:40:51.973467 INFO::Fitting model to feature number 15, s__Klebsiella_pneumoniae
2024-11-15 18:40:51.976321 WARNING::Fitting problem for feature 15 returning NA
2024-11-15 18:40:51.97709 INFO::Fitting model to feature number 16, s__Klebsiella_quasipneumoniae
2024-11-15 18:40:51.97993 WARNING::Fitting problem for feature 16 returning NA
2024-11-15 18:40:51.980702 INFO::Fitting model to feature number 17, s__Blautia_wexlerae
2024-11-15 18:40:51.983547 WARNING::Fitting problem for feature 17 returning NA
2024-11-15 18:40:51.984308 INFO::Fitting model to feature number 18, s__Blautia_hansenii
2024-11-15 18:40:51.98713 WARNING::Fitting problem for feature 18 returning NA
2024-11-15 18:40:51.98789 INFO::Fitting model to feature number 19, s__Anaerostipes_hadrus
2024-11-15 18:40:51.990757 WARNING::Fitting problem for feature 19 returning NA
2024-11-15 18:40:51.99152 INFO::Fitting model to feature number 20, s__Clostridium_sp_CAG_58
2024-11-15 18:40:51.994352 WARNING::Fitting problem for feature 20 returning NA
2024-11-15 18:40:51.99511 INFO::Fitting model to feature number 21, s__Eubacterium_eligens
2024-11-15 18:40:51.99794 WARNING::Fitting problem for feature 21 returning NA
2024-11-15 18:40:51.998696 INFO::Fitting model to feature number 22, s__Eubacterium_hallii
2024-11-15 18:40:52.001563 WARNING::Fitting problem for feature 22 returning NA
2024-11-15 18:40:52.00234 INFO::Fitting model to feature number 23, s__Eubacterium_ramulus
2024-11-15 18:40:52.005382 WARNING::Fitting problem for feature 23 returning NA
2024-11-15 18:40:52.00622 INFO::Fitting model to feature number 24, s__Eubacterium_rectale
2024-11-15 18:40:52.00923 WARNING::Fitting problem for feature 24 returning NA
2024-11-15 18:40:52.01012 INFO::Fitting model to feature number 25, s__Eubacterium_sp_CAG_38
2024-11-15 18:40:52.013101 WARNING::Fitting problem for feature 25 returning NA
2024-11-15 18:40:52.013909 INFO::Fitting model to feature number 26, s__Faecalibacterium_prausnitzii
2024-11-15 18:40:52.016788 WARNING::Fitting problem for feature 26 returning NA
2024-11-15 18:40:52.017578 INFO::Fitting model to feature number 27, s__Fusicatenibacter_saccharivorans
2024-11-15 18:40:52.020494 WARNING::Fitting problem for feature 27 returning NA
2024-11-15 18:40:52.021312 INFO::Fitting model to feature number 28, s__Roseburia_faecis
2024-11-15 18:40:52.024191 WARNING::Fitting problem for feature 28 returning NA
2024-11-15 18:40:52.024981 INFO::Fitting model to feature number 29, s__Roseburia_intestinalis
2024-11-15 18:40:52.027858 WARNING::Fitting problem for feature 29 returning NA
2024-11-15 18:40:52.028659 INFO::Fitting model to feature number 30, s__Roseburia_inulinivorans
2024-11-15 18:40:52.031593 WARNING::Fitting problem for feature 30 returning NA
2024-11-15 18:40:52.032462 INFO::Fitting model to feature number 31, s__Ruminococcus_bicirculans
2024-11-15 18:40:52.035409 WARNING::Fitting problem for feature 31 returning NA
2024-11-15 18:40:52.036214 INFO::Fitting model to feature number 32, s__Ruminococcus_lactaris
2024-11-15 18:40:52.0391 WARNING::Fitting problem for feature 32 returning NA
2024-11-15 18:40:52.046055 INFO::Counting total values for each feature
2024-11-15 18:40:52.050528 INFO::Writing filtered data to file output/genetics_vs_microbes_PD/Maaslin2/rs3806789/features/filtered_data.tsv
2024-11-15 18:40:52.071658 INFO::Writing filtered, normalized data to file output/genetics_vs_microbes_PD/Maaslin2/rs3806789/features/filtered_data_norm.tsv
2024-11-15 18:40:52.093354 INFO::Writing filtered, normalized, transformed data to file output/genetics_vs_microbes_PD/Maaslin2/rs3806789/features/filtered_data_norm_transformed.tsv
2024-11-15 18:40:52.125265 WARNING::Deleting existing residuals file: output/genetics_vs_microbes_PD/Maaslin2/rs3806789/fits/residuals.rds
2024-11-15 18:40:52.126194 INFO::Writing residuals to file output/genetics_vs_microbes_PD/Maaslin2/rs3806789/fits/residuals.rds
2024-11-15 18:40:52.127535 WARNING::Deleting existing fitted file: output/genetics_vs_microbes_PD/Maaslin2/rs3806789/fits/fitted.rds
2024-11-15 18:40:52.128471 INFO::Writing fitted values to file output/genetics_vs_microbes_PD/Maaslin2/rs3806789/fits/fitted.rds
2024-11-15 18:40:52.12951 INFO::Writing all results to file (ordered by increasing q-values): output/genetics_vs_microbes_PD/Maaslin2/rs3806789/all_results.tsv
2024-11-15 18:40:52.131108 INFO::Writing the significant results (those which are less than or equal to the threshold of 0.050000 ) to file (ordered by increasing q-values): output/genetics_vs_microbes_PD/Maaslin2/rs3806789/significant_results.tsv
2024-11-15 18:40:52.132189 WARNING::Input is a matrix, passing through as.data.frame() .
