2024-11-18 12:45:42.519986 INFO::Writing function arguments to log file
2024-11-18 12:45:42.520624 DEBUG::Function arguments
2024-11-18 12:45:42.520959 DEBUG::Output folder: output/genetics_vs_microbes_PD/Maaslin2/rs356203
2024-11-18 12:45:42.521273 DEBUG::Min Abundance: 0.000000
2024-11-18 12:45:42.521584 DEBUG::Min Prevalence: 0.100000
2024-11-18 12:45:42.52189 DEBUG::Normalization: NONE
2024-11-18 12:45:42.522209 DEBUG::Transform: LOG
2024-11-18 12:45:42.522519 DEBUG::Analysis method: LM
2024-11-18 12:45:42.52283 DEBUG::Max significance: 0.050000
2024-11-18 12:45:42.523146 DEBUG::Random effects:
2024-11-18 12:45:42.523622 DEBUG::Fixed effects: rs356203,Case_status,Case_status*rs356203,seqs_scaled,Age_at_collection
2024-11-18 12:45:42.523952 DEBUG::Correction method: BH
2024-11-18 12:45:42.524266 DEBUG::Standardize: FALSE
2024-11-18 12:45:42.524575 DEBUG::Cores: 1
2024-11-18 12:45:42.524868 INFO::Verifying options selected are valid
2024-11-18 12:45:42.525439 INFO::Determining format of input files
2024-11-18 12:45:42.52602 INFO::Input format is data samples as rows and metadata samples as rows
2024-11-18 12:45:42.526779 DEBUG::A total of 696 samples were found in both the data and metadata
2024-11-18 12:45:42.527122 DEBUG::Reordering data/metadata to use same sample ordering
2024-11-18 12:45:42.528888 WARNING::Feature name not found in metadata so not applied to formula as fixed effect: Case_status*rs356203
2024-11-18 12:45:42.529603 INFO::Formula for fixed effects: expr ~  rs356203 + Case_status + seqs_scaled + Age_at_collection
2024-11-18 12:45:42.530199 INFO::Factor detected for categorial metadata 'rs356203'. Provide a reference argument or manually set factor ordering to change reference level.
2024-11-18 12:45:42.530887 INFO::Filter data based on min abundance and min prevalence
2024-11-18 12:45:42.531441 INFO::Total samples in data: 696
2024-11-18 12:45:42.531967 INFO::Min samples required with min abundance for a feature not to be filtered: 69.600000
2024-11-18 12:45:42.533599 INFO::Total filtered features: 27
2024-11-18 12:45:42.534161 INFO::Filtered feature names from abundance and prevalence filtering: s__Actinomyces_turicensis, s__Anaerococcus_octavius, s__Anaerococcus_vaginalis, s__Atopobium_minutum, s__Corynebacterium_amycolatum, s__Corynebacterium_aurimucosum, s__Finegoldia_magna, s__Gemella_asaccharolytica, s__Peptoniphilus_harei, s__Peptoniphilus_lacrimalis, s__Peptoniphilus_sp_HMSC062D09, s__Porphyromonas_asaccharolytica, s__Porphyromonas_sp_HMSC065F10, s__Porphyromonas_uenonis, s__Prevotella_bergensis, s__Prevotella_buccalis, s__Prevotella_disiens, s__Prevotella_timonensis, s__Varibaculum_cambriense, s__Bifidobacterium_gallinarum, s__Bifidobacterium_pullorum, s__Bifidobacterium_saeculare, s__Lactobacillus_gasseri, s__Lactobacillus_paragasseri, s__Lactobacillus_reuteri, s__Actinomyces_sp_oral_taxon_448, s__Streptococcus_lutetiensis
2024-11-18 12:45:42.535661 INFO::Total filtered features with variance filtering: 0
2024-11-18 12:45:42.536241 INFO::Filtered feature names from variance filtering:
2024-11-18 12:45:42.536737 INFO::Running selected normalization method: NONE
2024-11-18 12:45:42.537233 INFO::Bypass z-score application to metadata
2024-11-18 12:45:42.537726 INFO::Running selected transform method: LOG
2024-11-18 12:45:42.540519 INFO::Running selected analysis method: LM
2024-11-18 12:45:42.541107 INFO::Fitting model to feature number 1, s__Bifidobacterium_dentium
2024-11-18 12:45:42.54383 WARNING::Fitting problem for feature 1 returning NA
2024-11-18 12:45:42.544578 INFO::Fitting model to feature number 2, s__Bifidobacterium_bifidum
2024-11-18 12:45:42.54729 WARNING::Fitting problem for feature 2 returning NA
2024-11-18 12:45:42.548054 INFO::Fitting model to feature number 3, s__Bifidobacterium_breve
2024-11-18 12:45:42.550769 WARNING::Fitting problem for feature 3 returning NA
2024-11-18 12:45:42.551535 INFO::Fitting model to feature number 4, s__Bifidobacterium_longum
2024-11-18 12:45:42.555057 WARNING::Fitting problem for feature 4 returning NA
2024-11-18 12:45:42.555806 INFO::Fitting model to feature number 5, s__Lactobacillus_fermentum
2024-11-18 12:45:42.558526 WARNING::Fitting problem for feature 5 returning NA
2024-11-18 12:45:42.559287 INFO::Fitting model to feature number 6, s__Lactobacillus_salivarius
2024-11-18 12:45:42.562009 WARNING::Fitting problem for feature 6 returning NA
2024-11-18 12:45:42.562735 INFO::Fitting model to feature number 7, s__Lactobacillus_rhamnosus
2024-11-18 12:45:42.565499 WARNING::Fitting problem for feature 7 returning NA
2024-11-18 12:45:42.566229 INFO::Fitting model to feature number 8, s__Actinomyces_naeslundii
2024-11-18 12:45:42.568992 WARNING::Fitting problem for feature 8 returning NA
2024-11-18 12:45:42.569742 INFO::Fitting model to feature number 9, s__Actinomyces_oris
2024-11-18 12:45:42.572555 WARNING::Fitting problem for feature 9 returning NA
2024-11-18 12:45:42.573284 INFO::Fitting model to feature number 10, s__Actinomyces_sp_HPA0247
2024-11-18 12:45:42.576028 WARNING::Fitting problem for feature 10 returning NA
2024-11-18 12:45:42.576781 INFO::Fitting model to feature number 11, s__Streptococcus_anginosus_group
2024-11-18 12:45:42.579541 WARNING::Fitting problem for feature 11 returning NA
2024-11-18 12:45:42.580301 INFO::Fitting model to feature number 12, s__Streptococcus_mutans
2024-11-18 12:45:42.583075 WARNING::Fitting problem for feature 12 returning NA
2024-11-18 12:45:42.583825 INFO::Fitting model to feature number 13, s__Streptococcus_vestibularis
2024-11-18 12:45:42.586721 WARNING::Fitting problem for feature 13 returning NA
2024-11-18 12:45:42.58749 INFO::Fitting model to feature number 14, s__Escherichia_coli
2024-11-18 12:45:42.590393 WARNING::Fitting problem for feature 14 returning NA
2024-11-18 12:45:42.591151 INFO::Fitting model to feature number 15, s__Klebsiella_pneumoniae
2024-11-18 12:45:42.594063 WARNING::Fitting problem for feature 15 returning NA
2024-11-18 12:45:42.594787 INFO::Fitting model to feature number 16, s__Klebsiella_quasipneumoniae
2024-11-18 12:45:42.607248 WARNING::Fitting problem for feature 16 returning NA
2024-11-18 12:45:42.608199 INFO::Fitting model to feature number 17, s__Blautia_wexlerae
2024-11-18 12:45:42.610843 WARNING::Fitting problem for feature 17 returning NA
2024-11-18 12:45:42.611557 INFO::Fitting model to feature number 18, s__Blautia_hansenii
2024-11-18 12:45:42.614249 WARNING::Fitting problem for feature 18 returning NA
2024-11-18 12:45:42.614958 INFO::Fitting model to feature number 19, s__Anaerostipes_hadrus
2024-11-18 12:45:42.617564 WARNING::Fitting problem for feature 19 returning NA
2024-11-18 12:45:42.618301 INFO::Fitting model to feature number 20, s__Clostridium_sp_CAG_58
2024-11-18 12:45:42.621043 WARNING::Fitting problem for feature 20 returning NA
2024-11-18 12:45:42.621768 INFO::Fitting model to feature number 21, s__Eubacterium_eligens
2024-11-18 12:45:42.624462 WARNING::Fitting problem for feature 21 returning NA
2024-11-18 12:45:42.625208 INFO::Fitting model to feature number 22, s__Eubacterium_hallii
2024-11-18 12:45:42.627884 WARNING::Fitting problem for feature 22 returning NA
2024-11-18 12:45:42.628596 INFO::Fitting model to feature number 23, s__Eubacterium_ramulus
2024-11-18 12:45:42.631254 WARNING::Fitting problem for feature 23 returning NA
2024-11-18 12:45:42.631969 INFO::Fitting model to feature number 24, s__Eubacterium_rectale
2024-11-18 12:45:42.634711 WARNING::Fitting problem for feature 24 returning NA
2024-11-18 12:45:42.635463 INFO::Fitting model to feature number 25, s__Eubacterium_sp_CAG_38
2024-11-18 12:45:42.638206 WARNING::Fitting problem for feature 25 returning NA
2024-11-18 12:45:42.638903 INFO::Fitting model to feature number 26, s__Faecalibacterium_prausnitzii
2024-11-18 12:45:42.641565 WARNING::Fitting problem for feature 26 returning NA
2024-11-18 12:45:42.642302 INFO::Fitting model to feature number 27, s__Fusicatenibacter_saccharivorans
2024-11-18 12:45:42.644964 WARNING::Fitting problem for feature 27 returning NA
2024-11-18 12:45:42.645715 INFO::Fitting model to feature number 28, s__Roseburia_faecis
2024-11-18 12:45:42.648391 WARNING::Fitting problem for feature 28 returning NA
2024-11-18 12:45:42.649118 INFO::Fitting model to feature number 29, s__Roseburia_intestinalis
2024-11-18 12:45:42.651783 WARNING::Fitting problem for feature 29 returning NA
2024-11-18 12:45:42.652514 INFO::Fitting model to feature number 30, s__Roseburia_inulinivorans
2024-11-18 12:45:42.65519 WARNING::Fitting problem for feature 30 returning NA
2024-11-18 12:45:42.655885 INFO::Fitting model to feature number 31, s__Ruminococcus_bicirculans
2024-11-18 12:45:42.658536 WARNING::Fitting problem for feature 31 returning NA
2024-11-18 12:45:42.659243 INFO::Fitting model to feature number 32, s__Ruminococcus_lactaris
2024-11-18 12:45:42.661903 WARNING::Fitting problem for feature 32 returning NA
2024-11-18 12:45:42.667871 INFO::Counting total values for each feature
2024-11-18 12:45:42.671806 INFO::Writing filtered data to file output/genetics_vs_microbes_PD/Maaslin2/rs356203/features/filtered_data.tsv
2024-11-18 12:45:42.691478 INFO::Writing filtered, normalized data to file output/genetics_vs_microbes_PD/Maaslin2/rs356203/features/filtered_data_norm.tsv
2024-11-18 12:45:42.710875 INFO::Writing filtered, normalized, transformed data to file output/genetics_vs_microbes_PD/Maaslin2/rs356203/features/filtered_data_norm_transformed.tsv
2024-11-18 12:45:42.741523 WARNING::Deleting existing residuals file: output/genetics_vs_microbes_PD/Maaslin2/rs356203/fits/residuals.rds
2024-11-18 12:45:42.743028 INFO::Writing residuals to file output/genetics_vs_microbes_PD/Maaslin2/rs356203/fits/residuals.rds
2024-11-18 12:45:42.744637 WARNING::Deleting existing fitted file: output/genetics_vs_microbes_PD/Maaslin2/rs356203/fits/fitted.rds
2024-11-18 12:45:42.745688 INFO::Writing fitted values to file output/genetics_vs_microbes_PD/Maaslin2/rs356203/fits/fitted.rds
2024-11-18 12:45:42.746524 INFO::Writing all results to file (ordered by increasing q-values): output/genetics_vs_microbes_PD/Maaslin2/rs356203/all_results.tsv
2024-11-18 12:45:42.748237 INFO::Writing the significant results (those which are less than or equal to the threshold of 0.050000 ) to file (ordered by increasing q-values): output/genetics_vs_microbes_PD/Maaslin2/rs356203/significant_results.tsv
2024-11-18 12:45:42.749848 WARNING::Input is a matrix, passing through as.data.frame() .
