2024-11-15 18:40:52.60829 INFO::Writing function arguments to log file
2024-11-15 18:40:52.608902 DEBUG::Function arguments
2024-11-15 18:40:52.609238 DEBUG::Output folder: output/genetics_vs_microbes_PD/Maaslin2/rs3129882
2024-11-15 18:40:52.60956 DEBUG::Min Abundance: 0.000000
2024-11-15 18:40:52.609872 DEBUG::Min Prevalence: 0.100000
2024-11-15 18:40:52.610188 DEBUG::Normalization: NONE
2024-11-15 18:40:52.610494 DEBUG::Transform: LOG
2024-11-15 18:40:52.610802 DEBUG::Analysis method: LM
2024-11-15 18:40:52.611115 DEBUG::Max significance: 0.050000
2024-11-15 18:40:52.611423 DEBUG::Random effects:
2024-11-15 18:40:52.611917 DEBUG::Fixed effects: rs3129882,Case_status,Case_status*rs3129882,seqs_scaled,Age_at_collection
2024-11-15 18:40:52.612249 DEBUG::Correction method: BH
2024-11-15 18:40:52.612561 DEBUG::Standardize: FALSE
2024-11-15 18:40:52.612868 DEBUG::Cores: 1
2024-11-15 18:40:52.613168 INFO::Verifying options selected are valid
2024-11-15 18:40:52.613741 INFO::Determining format of input files
2024-11-15 18:40:52.614341 INFO::Input format is data samples as rows and metadata samples as rows
2024-11-15 18:40:52.61514 DEBUG::A total of 696 samples were found in both the data and metadata
2024-11-15 18:40:52.615465 DEBUG::Reordering data/metadata to use same sample ordering
2024-11-15 18:40:52.617254 WARNING::Feature name not found in metadata so not applied to formula as fixed effect: Case_status*rs3129882
2024-11-15 18:40:52.61797 INFO::Formula for fixed effects: expr ~  rs3129882 + Case_status + seqs_scaled + Age_at_collection
2024-11-15 18:40:52.618602 INFO::Factor detected for categorial metadata 'rs3129882'. Provide a reference argument or manually set factor ordering to change reference level.
2024-11-15 18:40:52.619338 INFO::Filter data based on min abundance and min prevalence
2024-11-15 18:40:52.619865 INFO::Total samples in data: 696
2024-11-15 18:40:52.62042 INFO::Min samples required with min abundance for a feature not to be filtered: 69.600000
2024-11-15 18:40:52.622098 INFO::Total filtered features: 27
2024-11-15 18:40:52.622663 INFO::Filtered feature names from abundance and prevalence filtering: s__Actinomyces_turicensis, s__Anaerococcus_octavius, s__Anaerococcus_vaginalis, s__Atopobium_minutum, s__Corynebacterium_amycolatum, s__Corynebacterium_aurimucosum, s__Finegoldia_magna, s__Gemella_asaccharolytica, s__Peptoniphilus_harei, s__Peptoniphilus_lacrimalis, s__Peptoniphilus_sp_HMSC062D09, s__Porphyromonas_asaccharolytica, s__Porphyromonas_sp_HMSC065F10, s__Porphyromonas_uenonis, s__Prevotella_bergensis, s__Prevotella_buccalis, s__Prevotella_disiens, s__Prevotella_timonensis, s__Varibaculum_cambriense, s__Bifidobacterium_gallinarum, s__Bifidobacterium_pullorum, s__Bifidobacterium_saeculare, s__Lactobacillus_gasseri, s__Lactobacillus_paragasseri, s__Lactobacillus_reuteri, s__Actinomyces_sp_oral_taxon_448, s__Streptococcus_lutetiensis
2024-11-15 18:40:52.624218 INFO::Total filtered features with variance filtering: 0
2024-11-15 18:40:52.624771 INFO::Filtered feature names from variance filtering:
2024-11-15 18:40:52.625282 INFO::Running selected normalization method: NONE
2024-11-15 18:40:52.62578 INFO::Bypass z-score application to metadata
2024-11-15 18:40:52.626289 INFO::Running selected transform method: LOG
2024-11-15 18:40:52.62915 INFO::Running selected analysis method: LM
2024-11-15 18:40:52.629748 INFO::Fitting model to feature number 1, s__Bifidobacterium_dentium
2024-11-15 18:40:52.632766 WARNING::Fitting problem for feature 1 returning NA
2024-11-15 18:40:52.633536 INFO::Fitting model to feature number 2, s__Bifidobacterium_bifidum
2024-11-15 18:40:52.636495 WARNING::Fitting problem for feature 2 returning NA
2024-11-15 18:40:52.63727 INFO::Fitting model to feature number 3, s__Bifidobacterium_breve
2024-11-15 18:40:52.640068 WARNING::Fitting problem for feature 3 returning NA
2024-11-15 18:40:52.640815 INFO::Fitting model to feature number 4, s__Bifidobacterium_longum
2024-11-15 18:40:52.64419 WARNING::Fitting problem for feature 4 returning NA
2024-11-15 18:40:52.64495 INFO::Fitting model to feature number 5, s__Lactobacillus_fermentum
2024-11-15 18:40:52.647726 WARNING::Fitting problem for feature 5 returning NA
2024-11-15 18:40:52.648485 INFO::Fitting model to feature number 6, s__Lactobacillus_salivarius
2024-11-15 18:40:52.651302 WARNING::Fitting problem for feature 6 returning NA
2024-11-15 18:40:52.652073 INFO::Fitting model to feature number 7, s__Lactobacillus_rhamnosus
2024-11-15 18:40:52.654903 WARNING::Fitting problem for feature 7 returning NA
2024-11-15 18:40:52.655669 INFO::Fitting model to feature number 8, s__Actinomyces_naeslundii
2024-11-15 18:40:52.658487 WARNING::Fitting problem for feature 8 returning NA
2024-11-15 18:40:52.659262 INFO::Fitting model to feature number 9, s__Actinomyces_oris
2024-11-15 18:40:52.662072 WARNING::Fitting problem for feature 9 returning NA
2024-11-15 18:40:52.662829 INFO::Fitting model to feature number 10, s__Actinomyces_sp_HPA0247
2024-11-15 18:40:52.665649 WARNING::Fitting problem for feature 10 returning NA
2024-11-15 18:40:52.666406 INFO::Fitting model to feature number 11, s__Streptococcus_anginosus_group
2024-11-15 18:40:52.669158 WARNING::Fitting problem for feature 11 returning NA
2024-11-15 18:40:52.669891 INFO::Fitting model to feature number 12, s__Streptococcus_mutans
2024-11-15 18:40:52.67268 WARNING::Fitting problem for feature 12 returning NA
2024-11-15 18:40:52.673428 INFO::Fitting model to feature number 13, s__Streptococcus_vestibularis
2024-11-15 18:40:52.676254 WARNING::Fitting problem for feature 13 returning NA
2024-11-15 18:40:52.677004 INFO::Fitting model to feature number 14, s__Escherichia_coli
2024-11-15 18:40:52.679848 WARNING::Fitting problem for feature 14 returning NA
2024-11-15 18:40:52.680597 INFO::Fitting model to feature number 15, s__Klebsiella_pneumoniae
2024-11-15 18:40:52.683418 WARNING::Fitting problem for feature 15 returning NA
2024-11-15 18:40:52.68417 INFO::Fitting model to feature number 16, s__Klebsiella_quasipneumoniae
2024-11-15 18:40:52.687036 WARNING::Fitting problem for feature 16 returning NA
2024-11-15 18:40:52.687797 INFO::Fitting model to feature number 17, s__Blautia_wexlerae
2024-11-15 18:40:52.690628 WARNING::Fitting problem for feature 17 returning NA
2024-11-15 18:40:52.691403 INFO::Fitting model to feature number 18, s__Blautia_hansenii
2024-11-15 18:40:52.69426 WARNING::Fitting problem for feature 18 returning NA
2024-11-15 18:40:52.695039 INFO::Fitting model to feature number 19, s__Anaerostipes_hadrus
2024-11-15 18:40:52.697889 WARNING::Fitting problem for feature 19 returning NA
2024-11-15 18:40:52.698663 INFO::Fitting model to feature number 20, s__Clostridium_sp_CAG_58
2024-11-15 18:40:52.701601 WARNING::Fitting problem for feature 20 returning NA
2024-11-15 18:40:52.702376 INFO::Fitting model to feature number 21, s__Eubacterium_eligens
2024-11-15 18:40:52.705253 WARNING::Fitting problem for feature 21 returning NA
2024-11-15 18:40:52.706021 INFO::Fitting model to feature number 22, s__Eubacterium_hallii
2024-11-15 18:40:52.708893 WARNING::Fitting problem for feature 22 returning NA
2024-11-15 18:40:52.709653 INFO::Fitting model to feature number 23, s__Eubacterium_ramulus
2024-11-15 18:40:52.712496 WARNING::Fitting problem for feature 23 returning NA
2024-11-15 18:40:52.713259 INFO::Fitting model to feature number 24, s__Eubacterium_rectale
2024-11-15 18:40:52.716065 WARNING::Fitting problem for feature 24 returning NA
2024-11-15 18:40:52.716821 INFO::Fitting model to feature number 25, s__Eubacterium_sp_CAG_38
2024-11-15 18:40:52.719674 WARNING::Fitting problem for feature 25 returning NA
2024-11-15 18:40:52.72044 INFO::Fitting model to feature number 26, s__Faecalibacterium_prausnitzii
2024-11-15 18:40:52.723269 WARNING::Fitting problem for feature 26 returning NA
2024-11-15 18:40:52.724037 INFO::Fitting model to feature number 27, s__Fusicatenibacter_saccharivorans
2024-11-15 18:40:52.726906 WARNING::Fitting problem for feature 27 returning NA
2024-11-15 18:40:52.727672 INFO::Fitting model to feature number 28, s__Roseburia_faecis
2024-11-15 18:40:52.730513 WARNING::Fitting problem for feature 28 returning NA
2024-11-15 18:40:52.73127 INFO::Fitting model to feature number 29, s__Roseburia_intestinalis
2024-11-15 18:40:52.73407 WARNING::Fitting problem for feature 29 returning NA
2024-11-15 18:40:52.734831 INFO::Fitting model to feature number 30, s__Roseburia_inulinivorans
2024-11-15 18:40:52.737654 WARNING::Fitting problem for feature 30 returning NA
2024-11-15 18:40:52.738413 INFO::Fitting model to feature number 31, s__Ruminococcus_bicirculans
2024-11-15 18:40:52.741288 WARNING::Fitting problem for feature 31 returning NA
2024-11-15 18:40:52.742045 INFO::Fitting model to feature number 32, s__Ruminococcus_lactaris
2024-11-15 18:40:52.744854 WARNING::Fitting problem for feature 32 returning NA
2024-11-15 18:40:52.751574 INFO::Counting total values for each feature
2024-11-15 18:40:52.755939 INFO::Writing filtered data to file output/genetics_vs_microbes_PD/Maaslin2/rs3129882/features/filtered_data.tsv
2024-11-15 18:40:52.775717 INFO::Writing filtered, normalized data to file output/genetics_vs_microbes_PD/Maaslin2/rs3129882/features/filtered_data_norm.tsv
2024-11-15 18:40:52.795162 INFO::Writing filtered, normalized, transformed data to file output/genetics_vs_microbes_PD/Maaslin2/rs3129882/features/filtered_data_norm_transformed.tsv
2024-11-15 18:40:52.825773 WARNING::Deleting existing residuals file: output/genetics_vs_microbes_PD/Maaslin2/rs3129882/fits/residuals.rds
2024-11-15 18:40:52.826618 INFO::Writing residuals to file output/genetics_vs_microbes_PD/Maaslin2/rs3129882/fits/residuals.rds
2024-11-15 18:40:52.82816 WARNING::Deleting existing fitted file: output/genetics_vs_microbes_PD/Maaslin2/rs3129882/fits/fitted.rds
2024-11-15 18:40:52.829111 INFO::Writing fitted values to file output/genetics_vs_microbes_PD/Maaslin2/rs3129882/fits/fitted.rds
2024-11-15 18:40:52.830025 INFO::Writing all results to file (ordered by increasing q-values): output/genetics_vs_microbes_PD/Maaslin2/rs3129882/all_results.tsv
2024-11-15 18:40:52.831212 INFO::Writing the significant results (those which are less than or equal to the threshold of 0.050000 ) to file (ordered by increasing q-values): output/genetics_vs_microbes_PD/Maaslin2/rs3129882/significant_results.tsv
2024-11-15 18:40:52.83386 WARNING::Input is a matrix, passing through as.data.frame() .
